<?xml version="1.0" encoding="UTF-8"?>
<testng-results skipped="0" failed="0" ignored="0" total="1" passed="1">
  <reporter-output>
  </reporter-output>
  <suite name="Default suite" duration-ms="44017" started-at="2018-05-06T08:52:40Z" finished-at="2018-05-06T08:53:24Z">
    <groups>
    </groups>
    <test name="Default test" duration-ms="44017" started-at="2018-05-06T08:52:40Z" finished-at="2018-05-06T08:53:24Z">
      <class name="com.sse.test.energy.PricesTariffTest2">
        <test-method status="PASS" signature="createDriver()[pri:0, instance:com.sse.test.energy.PricesTariffTest2@588df31b]" name="createDriver" is-config="true" duration-ms="41034" started-at="2018-05-06T14:22:40Z" finished-at="2018-05-06T14:23:21Z">
          <reporter-output>
          </reporter-output>
        </test-method> <!-- createDriver -->
        <test-method status="PASS" signature="standingCharge()[pri:0, instance:com.sse.test.energy.PricesTariffTest2@588df31b]" name="standingCharge" duration-ms="30" started-at="2018-05-06T14:23:21Z" finished-at="2018-05-06T14:23:21Z">
          <reporter-output>
          </reporter-output>
        </test-method> <!-- standingCharge -->
        <test-method status="PASS" signature="quitDriver()[pri:0, instance:com.sse.test.energy.PricesTariffTest2@588df31b]" name="quitDriver" is-config="true" duration-ms="2367" started-at="2018-05-06T14:23:21Z" finished-at="2018-05-06T14:23:24Z">
          <reporter-output>
          </reporter-output>
        </test-method> <!-- quitDriver -->
      </class> <!-- com.sse.test.energy.PricesTariffTest2 -->
    </test> <!-- Default test -->
  </suite> <!-- Default suite -->
</testng-results>
